2021-11-23 07:46:40.087  INFO 52723 --- [main] c.e.u.resource.UserResourceTest          : Starting UserResourceTest using Java 11.0.12 on Timmys-MacBook-Pro.local with PID 52723 (started by johnadeshola in /Users/johnadeshola/Documents/Projects/tests/Java/spring-boot-test/unit-testing)
2021-11-23 07:46:40.099  INFO 52723 --- [main] c.e.u.resource.UserResourceTest          : The following profiles are active: test
2021-11-23 07:46:42.087  INFO 52723 --- [main] o.s.b.t.m.w.SpringBootMockServletContext : Initializing Spring TestDispatcherServlet ''
2021-11-23 07:46:42.087  INFO 52723 --- [main] o.s.t.web.servlet.TestDispatcherServlet  : Initializing Servlet ''
2021-11-23 07:46:42.089  INFO 52723 --- [main] o.s.t.web.servlet.TestDispatcherServlet  : Completed initialization in 1 ms
2021-11-23 07:46:42.122  INFO 52723 --- [main] c.e.u.resource.UserResourceTest          : Started UserResourceTest in 2.599 seconds (JVM running for 4.002)
2021-11-23 07:55:22.054  INFO 52828 --- [main] c.e.u.resource.UserResourceTest2         : Starting UserResourceTest2 using Java 11.0.12 on Timmys-MacBook-Pro.local with PID 52828 (started by johnadeshola in /Users/johnadeshola/Documents/Projects/tests/Java/spring-boot-test/unit-testing)
2021-11-23 07:55:22.055  INFO 52828 --- [main] c.e.u.resource.UserResourceTest2         : The following profiles are active: test
2021-11-23 07:55:23.336  INFO 52828 --- [main] .s.d.r.c.RepositoryConfigurationDelegate : Bootstrapping Spring Data JPA repositories in DEFAULT mode.
2021-11-23 07:55:23.405  INFO 52828 --- [main] .s.d.r.c.RepositoryConfigurationDelegate : Finished Spring Data repository scanning in 58 ms. Found 1 JPA repository interfaces.
2021-11-23 07:55:24.116  INFO 52828 --- [main] c.e.unittesting.core.aop.LoggingAspect   : before @dataSource:[]
2021-11-23 07:55:24.143  INFO 52828 --- [main] c.e.unittesting.core.aop.LoggingAspect   : Execution time of DatabaseConfig.dataSource :: 18 ms
2021-11-23 07:55:24.144  INFO 52828 --- [main] c.e.unittesting.core.aop.LoggingAspect   : after @dataSource:[] with result: HikariDataSource (null)
2021-11-23 07:55:24.144  INFO 52828 --- [main] c.e.unittesting.core.aop.LoggingAspect   : Enter: className class com.example.unittesting.config.DatabaseConfig$$EnhancerBySpringCGLIB$$f40f2495 method com.example.unittesting.config.DatabaseConfig.dataSource() with argument[s] = []
2021-11-23 07:55:24.144  INFO 52828 --- [main] c.e.unittesting.core.aop.LoggingAspect   : Exit: com.example.unittesting.config.DatabaseConfig.dataSource() with result = HikariDataSource (null)
2021-11-23 07:55:24.746  INFO 52828 --- [main] com.zaxxer.hikari.HikariDataSource       : HikariPool-1 - Starting...
2021-11-23 07:55:24.962  INFO 52828 --- [main] com.zaxxer.hikari.HikariDataSource       : HikariPool-1 - Start completed.
2021-11-23 07:55:25.780  INFO 52828 --- [main] j.LocalContainerEntityManagerFactoryBean : Initialized JPA EntityManagerFactory for persistence unit 'default'
2021-11-23 07:55:26.679  INFO 52828 --- [main] c.e.unittesting.core.aop.LoggingAspect   : before @swaggerPlugin:[]
2021-11-23 07:55:26.688  INFO 52828 --- [main] c.e.unittesting.core.aop.LoggingAspect   : Execution time of SwaggerConfig.swaggerPlugin :: 8 ms
2021-11-23 07:55:26.688  INFO 52828 --- [main] c.e.unittesting.core.aop.LoggingAspect   : after @swaggerPlugin:[] with result: springfox.documentation.spring.web.plugins.Docket@1b897ffb
2021-11-23 07:55:26.688  INFO 52828 --- [main] c.e.unittesting.core.aop.LoggingAspect   : Enter: className class com.example.unittesting.config.SwaggerConfig$$EnhancerBySpringCGLIB$$7fa18872 method com.example.unittesting.config.SwaggerConfig.swaggerPlugin() with argument[s] = []
2021-11-23 07:55:26.688  INFO 52828 --- [main] c.e.unittesting.core.aop.LoggingAspect   : Exit: com.example.unittesting.config.SwaggerConfig.swaggerPlugin() with result = springfox.documentation.spring.web.plugins.Docket@1b897ffb
2021-11-23 07:55:27.179  INFO 52828 --- [main] o.s.b.a.h2.H2ConsoleAutoConfiguration    : H2 console available at '/h2-console'. Database available at 'jdbc:h2:mem:charges'
2021-11-23 07:55:27.348  INFO 52828 --- [main] c.e.unittesting.core.aop.LoggingAspect   : before @modelMapper:[]
2021-11-23 07:55:27.379  INFO 52828 --- [main] c.e.unittesting.core.aop.LoggingAspect   : Execution time of ApplicationConfig.modelMapper :: 31 ms
2021-11-23 07:55:27.379  INFO 52828 --- [main] c.e.unittesting.core.aop.LoggingAspect   : after @modelMapper:[] with result: org.modelmapper.ModelMapper@6421e9e7
2021-11-23 07:55:27.379  INFO 52828 --- [main] c.e.unittesting.core.aop.LoggingAspect   : Enter: className class com.example.unittesting.config.ApplicationConfig$$EnhancerBySpringCGLIB$$de3766f8 method com.example.unittesting.config.ApplicationConfig.modelMapper() with argument[s] = []
2021-11-23 07:55:27.379  INFO 52828 --- [main] c.e.unittesting.core.aop.LoggingAspect   : Exit: com.example.unittesting.config.ApplicationConfig.modelMapper() with result = org.modelmapper.ModelMapper@6421e9e7
2021-11-23 07:55:28.934  INFO 52828 --- [main] c.e.u.resource.UserResourceTest2         : Started UserResourceTest2 in 7.404 seconds (JVM running for 8.518)
2021-11-23 07:55:29.275  INFO 52828 --- [main] c.e.unittesting.core.aop.LoggingAspect   : before @createUser:[UserRequest(username=timadeshola, firstName=Sina, lastName=Streich, email=alden.wyman@yahoo.com)]
2021-11-23 07:55:29.279  INFO 52828 --- [main] c.e.unittesting.core.aop.LoggingAspect   : before @createUser:[UserRequest(username=timadeshola, firstName=Sina, lastName=Streich, email=alden.wyman@yahoo.com)]
2021-11-23 07:55:29.537  INFO 52828 --- [main] c.e.unittesting.core.aop.LoggingAspect   : Execution time of UserServiceImpl.createUser :: 257 ms
2021-11-23 07:55:29.553  INFO 52828 --- [main] c.e.unittesting.core.aop.LoggingAspect   : after @createUser:[UserRequest(username=timadeshola, firstName=Sina, lastName=Streich, email=alden.wyman@yahoo.com)] with result: UserResponse(id=1, username=timadeshola, firstName=Sina, lastName=Streich, email=alden.wyman@yahoo.com, empId=e175460a-7664-49d4-ade2-7fd825512963, status=0, dateCreated=2021-11-23 07:55:29.452, dateUpdated=null)
2021-11-23 07:55:29.553  INFO 52828 --- [main] c.e.unittesting.core.aop.LoggingAspect   : Enter: className class com.example.unittesting.service.impl.UserServiceImpl method com.example.unittesting.service.impl.UserServiceImpl.createUser() with argument[s] = [UserRequest(username=timadeshola, firstName=Sina, lastName=Streich, email=alden.wyman@yahoo.com)]
2021-11-23 07:55:29.553  INFO 52828 --- [main] c.e.unittesting.core.aop.LoggingAspect   : Exit: com.example.unittesting.service.impl.UserServiceImpl.createUser() with result = UserResponse(id=1, username=timadeshola, firstName=Sina, lastName=Streich, email=alden.wyman@yahoo.com, empId=e175460a-7664-49d4-ade2-7fd825512963, status=0, dateCreated=2021-11-23 07:55:29.452, dateUpdated=null)
2021-11-23 07:55:29.557  INFO 52828 --- [main] c.e.unittesting.core.aop.LoggingAspect   : Execution time of UserResource.createUser :: 282 ms
2021-11-23 07:55:29.559  INFO 52828 --- [main] c.e.unittesting.core.aop.LoggingAspect   : after @createUser:[UserRequest(username=timadeshola, firstName=Sina, lastName=Streich, email=alden.wyman@yahoo.com)] with result: <200 OK OK,AppResponse(data=UserResponse(id=1, username=timadeshola, firstName=Sina, lastName=Streich, email=alden.wyman@yahoo.com, empId=e175460a-7664-49d4-ade2-7fd825512963, status=0, dateCreated=2021-11-23 07:55:29.452, dateUpdated=null), message=Success, status=201 CREATED, error=null),[]>
2021-11-23 07:55:29.559  INFO 52828 --- [main] c.e.unittesting.core.aop.LoggingAspect   : Enter: className class com.example.unittesting.resource.UserResource method com.example.unittesting.resource.UserResource.createUser() with argument[s] = [UserRequest(username=timadeshola, firstName=Sina, lastName=Streich, email=alden.wyman@yahoo.com)]
2021-11-23 07:55:29.559  INFO 52828 --- [main] c.e.unittesting.core.aop.LoggingAspect   : Exit: com.example.unittesting.resource.UserResource.createUser() with result = <200 OK OK,AppResponse(data=UserResponse(id=1, username=timadeshola, firstName=Sina, lastName=Streich, email=alden.wyman@yahoo.com, empId=e175460a-7664-49d4-ade2-7fd825512963, status=0, dateCreated=2021-11-23 07:55:29.452, dateUpdated=null), message=Success, status=201 CREATED, error=null),[]>
2021-11-23 07:55:29.664  INFO 52828 --- [SpringApplicationShutdownHook] j.LocalContainerEntityManagerFactoryBean : Closing JPA EntityManagerFactory for persistence unit 'default'
2021-11-23 07:55:29.668  INFO 52828 --- [SpringApplicationShutdownHook] com.zaxxer.hikari.HikariDataSource       : HikariPool-1 - Shutdown initiated...
2021-11-23 07:55:29.674  INFO 52828 --- [SpringApplicationShutdownHook] com.zaxxer.hikari.HikariDataSource       : HikariPool-1 - Shutdown completed.
2021-11-23 07:57:31.420  INFO 52863 --- [main] c.e.u.resource.UserResourceTest2         : Starting UserResourceTest2 using Java 11.0.12 on Timmys-MacBook-Pro.local with PID 52863 (started by johnadeshola in /Users/johnadeshola/Documents/Projects/tests/Java/spring-boot-test/unit-testing)
2021-11-23 07:57:31.421  INFO 52863 --- [main] c.e.u.resource.UserResourceTest2         : The following profiles are active: test
2021-11-23 07:57:32.750  INFO 52863 --- [main] .s.d.r.c.RepositoryConfigurationDelegate : Bootstrapping Spring Data JPA repositories in DEFAULT mode.
2021-11-23 07:57:32.813  INFO 52863 --- [main] .s.d.r.c.RepositoryConfigurationDelegate : Finished Spring Data repository scanning in 54 ms. Found 1 JPA repository interfaces.
2021-11-23 07:57:33.445  INFO 52863 --- [main] c.e.unittesting.core.aop.LoggingAspect   : before @dataSource:[]
2021-11-23 07:57:33.469  INFO 52863 --- [main] c.e.unittesting.core.aop.LoggingAspect   : Execution time of DatabaseConfig.dataSource :: 16 ms
2021-11-23 07:57:33.470  INFO 52863 --- [main] c.e.unittesting.core.aop.LoggingAspect   : after @dataSource:[] with result: HikariDataSource (null)
2021-11-23 07:57:33.470  INFO 52863 --- [main] c.e.unittesting.core.aop.LoggingAspect   : Enter: className class com.example.unittesting.config.DatabaseConfig$$EnhancerBySpringCGLIB$$b3ac2e65 method com.example.unittesting.config.DatabaseConfig.dataSource() with argument[s] = []
2021-11-23 07:57:33.470  INFO 52863 --- [main] c.e.unittesting.core.aop.LoggingAspect   : Exit: com.example.unittesting.config.DatabaseConfig.dataSource() with result = HikariDataSource (null)
2021-11-23 07:57:34.008  INFO 52863 --- [main] com.zaxxer.hikari.HikariDataSource       : HikariPool-1 - Starting...
2021-11-23 07:57:34.209  INFO 52863 --- [main] com.zaxxer.hikari.HikariDataSource       : HikariPool-1 - Start completed.
2021-11-23 07:57:35.013  INFO 52863 --- [main] j.LocalContainerEntityManagerFactoryBean : Initialized JPA EntityManagerFactory for persistence unit 'default'
2021-11-23 07:57:36.057  INFO 52863 --- [main] c.e.unittesting.core.aop.LoggingAspect   : before @swaggerPlugin:[]
2021-11-23 07:57:36.068  INFO 52863 --- [main] c.e.unittesting.core.aop.LoggingAspect   : Execution time of SwaggerConfig.swaggerPlugin :: 10 ms
2021-11-23 07:57:36.068  INFO 52863 --- [main] c.e.unittesting.core.aop.LoggingAspect   : after @swaggerPlugin:[] with result: springfox.documentation.spring.web.plugins.Docket@24381e4a
2021-11-23 07:57:36.068  INFO 52863 --- [main] c.e.unittesting.core.aop.LoggingAspect   : Enter: className class com.example.unittesting.config.SwaggerConfig$$EnhancerBySpringCGLIB$$3f3e9242 method com.example.unittesting.config.SwaggerConfig.swaggerPlugin() with argument[s] = []
2021-11-23 07:57:36.068  INFO 52863 --- [main] c.e.unittesting.core.aop.LoggingAspect   : Exit: com.example.unittesting.config.SwaggerConfig.swaggerPlugin() with result = springfox.documentation.spring.web.plugins.Docket@24381e4a
2021-11-23 07:57:36.646  INFO 52863 --- [main] o.s.b.a.h2.H2ConsoleAutoConfiguration    : H2 console available at '/h2-console'. Database available at 'jdbc:h2:mem:charges'
2021-11-23 07:57:36.833  INFO 52863 --- [main] c.e.unittesting.core.aop.LoggingAspect   : before @modelMapper:[]
2021-11-23 07:57:36.870  INFO 52863 --- [main] c.e.unittesting.core.aop.LoggingAspect   : Execution time of ApplicationConfig.modelMapper :: 36 ms
2021-11-23 07:57:36.870  INFO 52863 --- [main] c.e.unittesting.core.aop.LoggingAspect   : after @modelMapper:[] with result: org.modelmapper.ModelMapper@34d644b5
2021-11-23 07:57:36.870  INFO 52863 --- [main] c.e.unittesting.core.aop.LoggingAspect   : Enter: className class com.example.unittesting.config.ApplicationConfig$$EnhancerBySpringCGLIB$$9dd470c8 method com.example.unittesting.config.ApplicationConfig.modelMapper() with argument[s] = []
2021-11-23 07:57:36.870  INFO 52863 --- [main] c.e.unittesting.core.aop.LoggingAspect   : Exit: com.example.unittesting.config.ApplicationConfig.modelMapper() with result = org.modelmapper.ModelMapper@34d644b5
2021-11-23 07:57:38.568  INFO 52863 --- [main] c.e.u.resource.UserResourceTest2         : Started UserResourceTest2 in 7.658 seconds (JVM running for 8.814)
2021-11-23 07:57:38.897  INFO 52863 --- [main] c.e.unittesting.core.aop.LoggingAspect   : before @createUser:[UserRequest(username=timadeshola, firstName=Larry, lastName=Kuhn, email=roman.hyatt@hotmail.com)]
2021-11-23 07:57:38.902  INFO 52863 --- [main] c.e.unittesting.core.aop.LoggingAspect   : before @createUser:[UserRequest(username=timadeshola, firstName=Larry, lastName=Kuhn, email=roman.hyatt@hotmail.com)]
2021-11-23 07:57:39.163  INFO 52863 --- [main] c.e.unittesting.core.aop.LoggingAspect   : Execution time of UserServiceImpl.createUser :: 261 ms
2021-11-23 07:57:39.179  INFO 52863 --- [main] c.e.unittesting.core.aop.LoggingAspect   : after @createUser:[UserRequest(username=timadeshola, firstName=Larry, lastName=Kuhn, email=roman.hyatt@hotmail.com)] with result: UserResponse(id=1, username=timadeshola, firstName=Larry, lastName=Kuhn, email=roman.hyatt@hotmail.com, empId=312b1191-9832-4cb6-828d-13e1d2ec2505, status=0, dateCreated=2021-11-23 07:57:39.085, dateUpdated=null)
2021-11-23 07:57:39.179  INFO 52863 --- [main] c.e.unittesting.core.aop.LoggingAspect   : Enter: className class com.example.unittesting.service.impl.UserServiceImpl method com.example.unittesting.service.impl.UserServiceImpl.createUser() with argument[s] = [UserRequest(username=timadeshola, firstName=Larry, lastName=Kuhn, email=roman.hyatt@hotmail.com)]
2021-11-23 07:57:39.179  INFO 52863 --- [main] c.e.unittesting.core.aop.LoggingAspect   : Exit: com.example.unittesting.service.impl.UserServiceImpl.createUser() with result = UserResponse(id=1, username=timadeshola, firstName=Larry, lastName=Kuhn, email=roman.hyatt@hotmail.com, empId=312b1191-9832-4cb6-828d-13e1d2ec2505, status=0, dateCreated=2021-11-23 07:57:39.085, dateUpdated=null)
2021-11-23 07:57:39.182  INFO 52863 --- [main] c.e.unittesting.core.aop.LoggingAspect   : Execution time of UserResource.createUser :: 284 ms
2021-11-23 07:57:39.186  INFO 52863 --- [main] c.e.unittesting.core.aop.LoggingAspect   : after @createUser:[UserRequest(username=timadeshola, firstName=Larry, lastName=Kuhn, email=roman.hyatt@hotmail.com)] with result: <200 OK OK,AppResponse(data=UserResponse(id=1, username=timadeshola, firstName=Larry, lastName=Kuhn, email=roman.hyatt@hotmail.com, empId=312b1191-9832-4cb6-828d-13e1d2ec2505, status=0, dateCreated=2021-11-23 07:57:39.085, dateUpdated=null), message=Success, status=201 CREATED, error=null),[]>
2021-11-23 07:57:39.186  INFO 52863 --- [main] c.e.unittesting.core.aop.LoggingAspect   : Enter: className class com.example.unittesting.resource.UserResource method com.example.unittesting.resource.UserResource.createUser() with argument[s] = [UserRequest(username=timadeshola, firstName=Larry, lastName=Kuhn, email=roman.hyatt@hotmail.com)]
2021-11-23 07:57:39.187  INFO 52863 --- [main] c.e.unittesting.core.aop.LoggingAspect   : Exit: com.example.unittesting.resource.UserResource.createUser() with result = <200 OK OK,AppResponse(data=UserResponse(id=1, username=timadeshola, firstName=Larry, lastName=Kuhn, email=roman.hyatt@hotmail.com, empId=312b1191-9832-4cb6-828d-13e1d2ec2505, status=0, dateCreated=2021-11-23 07:57:39.085, dateUpdated=null), message=Success, status=201 CREATED, error=null),[]>
2021-11-23 07:57:39.284  INFO 52863 --- [SpringApplicationShutdownHook] j.LocalContainerEntityManagerFactoryBean : Closing JPA EntityManagerFactory for persistence unit 'default'
2021-11-23 07:57:39.288  INFO 52863 --- [SpringApplicationShutdownHook] com.zaxxer.hikari.HikariDataSource       : HikariPool-1 - Shutdown initiated...
2021-11-23 07:57:39.292  INFO 52863 --- [SpringApplicationShutdownHook] com.zaxxer.hikari.HikariDataSource       : HikariPool-1 - Shutdown completed.
2021-11-23 07:59:49.257  INFO 52882 --- [main] c.e.u.resource.UserResourceTest2         : Starting UserResourceTest2 using Java 11.0.12 on Timmys-MacBook-Pro.local with PID 52882 (started by johnadeshola in /Users/johnadeshola/Documents/Projects/tests/Java/spring-boot-test/unit-testing)
2021-11-23 07:59:49.257  INFO 52882 --- [main] c.e.u.resource.UserResourceTest2         : The following profiles are active: test
2021-11-23 07:59:50.565  INFO 52882 --- [main] .s.d.r.c.RepositoryConfigurationDelegate : Bootstrapping Spring Data JPA repositories in DEFAULT mode.
2021-11-23 07:59:50.630  INFO 52882 --- [main] .s.d.r.c.RepositoryConfigurationDelegate : Finished Spring Data repository scanning in 57 ms. Found 1 JPA repository interfaces.
2021-11-23 07:59:51.288  INFO 52882 --- [main] c.e.unittesting.core.aop.LoggingAspect   : before @dataSource:[]
2021-11-23 07:59:51.311  INFO 52882 --- [main] c.e.unittesting.core.aop.LoggingAspect   : Execution time of DatabaseConfig.dataSource :: 15 ms
2021-11-23 07:59:51.312  INFO 52882 --- [main] c.e.unittesting.core.aop.LoggingAspect   : after @dataSource:[] with result: HikariDataSource (null)
2021-11-23 07:59:51.312  INFO 52882 --- [main] c.e.unittesting.core.aop.LoggingAspect   : Enter: className class com.example.unittesting.config.DatabaseConfig$$EnhancerBySpringCGLIB$$b3ac2e65 method com.example.unittesting.config.DatabaseConfig.dataSource() with argument[s] = []
2021-11-23 07:59:51.312  INFO 52882 --- [main] c.e.unittesting.core.aop.LoggingAspect   : Exit: com.example.unittesting.config.DatabaseConfig.dataSource() with result = HikariDataSource (null)
2021-11-23 07:59:51.817  INFO 52882 --- [main] com.zaxxer.hikari.HikariDataSource       : HikariPool-1 - Starting...
2021-11-23 07:59:52.021  INFO 52882 --- [main] com.zaxxer.hikari.HikariDataSource       : HikariPool-1 - Start completed.
2021-11-23 07:59:52.710  INFO 52882 --- [main] j.LocalContainerEntityManagerFactoryBean : Initialized JPA EntityManagerFactory for persistence unit 'default'
2021-11-23 07:59:53.691  INFO 52882 --- [main] c.e.unittesting.core.aop.LoggingAspect   : before @swaggerPlugin:[]
2021-11-23 07:59:53.700  INFO 52882 --- [main] c.e.unittesting.core.aop.LoggingAspect   : Execution time of SwaggerConfig.swaggerPlugin :: 8 ms
2021-11-23 07:59:53.700  INFO 52882 --- [main] c.e.unittesting.core.aop.LoggingAspect   : after @swaggerPlugin:[] with result: springfox.documentation.spring.web.plugins.Docket@24be6e34
2021-11-23 07:59:53.700  INFO 52882 --- [main] c.e.unittesting.core.aop.LoggingAspect   : Enter: className class com.example.unittesting.config.SwaggerConfig$$EnhancerBySpringCGLIB$$3f3e9242 method com.example.unittesting.config.SwaggerConfig.swaggerPlugin() with argument[s] = []
2021-11-23 07:59:53.701  INFO 52882 --- [main] c.e.unittesting.core.aop.LoggingAspect   : Exit: com.example.unittesting.config.SwaggerConfig.swaggerPlugin() with result = springfox.documentation.spring.web.plugins.Docket@24be6e34
2021-11-23 07:59:54.250  INFO 52882 --- [main] o.s.b.a.h2.H2ConsoleAutoConfiguration    : H2 console available at '/h2-console'. Database available at 'jdbc:h2:mem:charges'
2021-11-23 07:59:54.432  INFO 52882 --- [main] c.e.unittesting.core.aop.LoggingAspect   : before @modelMapper:[]
2021-11-23 07:59:54.461  INFO 52882 --- [main] c.e.unittesting.core.aop.LoggingAspect   : Execution time of ApplicationConfig.modelMapper :: 28 ms
2021-11-23 07:59:54.461  INFO 52882 --- [main] c.e.unittesting.core.aop.LoggingAspect   : after @modelMapper:[] with result: org.modelmapper.ModelMapper@65130cf2
2021-11-23 07:59:54.462  INFO 52882 --- [main] c.e.unittesting.core.aop.LoggingAspect   : Enter: className class com.example.unittesting.config.ApplicationConfig$$EnhancerBySpringCGLIB$$9dd470c8 method com.example.unittesting.config.ApplicationConfig.modelMapper() with argument[s] = []
2021-11-23 07:59:54.462  INFO 52882 --- [main] c.e.unittesting.core.aop.LoggingAspect   : Exit: com.example.unittesting.config.ApplicationConfig.modelMapper() with result = org.modelmapper.ModelMapper@65130cf2
2021-11-23 07:59:56.075  INFO 52882 --- [main] c.e.u.resource.UserResourceTest2         : Started UserResourceTest2 in 7.321 seconds (JVM running for 8.605)
2021-11-23 07:59:56.370  INFO 52882 --- [main] c.e.unittesting.core.aop.LoggingAspect   : before @updateUser:[UserRequest(username=timiadeshola, firstName=Aurelio, lastName=Armstrong, email=salena.grimes@yahoo.com),1]
2021-11-23 07:59:56.375  INFO 52882 --- [main] c.e.unittesting.core.aop.LoggingAspect   : before @updateUser:[UserRequest(username=timiadeshola, firstName=Aurelio, lastName=Armstrong, email=salena.grimes@yahoo.com),1]
2021-11-23 07:59:56.421 ERROR 52882 --- [main] c.e.unittesting.core.aop.LoggingAspect   : Exception during: @updateUser:[UserRequest(username=timiadeshola, firstName=Aurelio, lastName=Armstrong, email=salena.grimes@yahoo.com),1] with ex: com.example.unittesting.core.exceptions.CustomException: User info cannot be found
2021-11-23 07:59:56.421 ERROR 52882 --- [main] c.e.unittesting.core.aop.LoggingAspect   : Exception during: @updateUser:[UserRequest(username=timiadeshola, firstName=Aurelio, lastName=Armstrong, email=salena.grimes@yahoo.com),1] with ex: com.example.unittesting.core.exceptions.CustomException: User info cannot be found
2021-11-23 07:59:56.468  INFO 52882 --- [SpringApplicationShutdownHook] j.LocalContainerEntityManagerFactoryBean : Closing JPA EntityManagerFactory for persistence unit 'default'
2021-11-23 07:59:56.472  INFO 52882 --- [SpringApplicationShutdownHook] com.zaxxer.hikari.HikariDataSource       : HikariPool-1 - Shutdown initiated...
2021-11-23 07:59:56.475  INFO 52882 --- [SpringApplicationShutdownHook] com.zaxxer.hikari.HikariDataSource       : HikariPool-1 - Shutdown completed.
